2023-01-13 01:09:44-INFO-setup.py-21 > 
	Home Address: /content/drive/MyDrive
	Temp Address: /content/tmp
2023-01-13 01:10:57-INFO-utils.py-24 > loading models from /content/tmp/chinese-roberta-wwm-ext
2023-01-13 01:10:58-WARNING-extract_diachronic_emb.py-42 > No examples found at 1954主旋律.txt
2023-01-13 01:10:58-WARNING-extract_diachronic_emb.py-42 > No examples found at 1955主旋律.txt
2023-01-13 01:10:58-WARNING-extract_diachronic_emb.py-42 > No examples found at 1956主旋律.txt
2023-01-13 01:10:58-WARNING-extract_diachronic_emb.py-42 > No examples found at 1957主旋律.txt
2023-01-13 01:10:58-WARNING-extract_diachronic_emb.py-42 > No examples found at 1958主旋律.txt
2023-01-13 01:10:58-WARNING-extract_diachronic_emb.py-42 > No examples found at 1959主旋律.txt
2023-01-13 01:10:59-WARNING-extract_diachronic_emb.py-42 > No examples found at 1962主旋律.txt
2023-01-13 01:10:59-WARNING-extract_diachronic_emb.py-42 > No examples found at 1963主旋律.txt
2023-01-13 01:10:59-WARNING-extract_diachronic_emb.py-42 > No examples found at 1964主旋律.txt
2023-01-13 01:10:59-WARNING-extract_diachronic_emb.py-42 > No examples found at 1965主旋律.txt
2023-01-13 01:10:59-WARNING-extract_diachronic_emb.py-42 > No examples found at 1966主旋律.txt
2023-01-13 01:10:59-WARNING-extract_diachronic_emb.py-42 > No examples found at 1967主旋律.txt
2023-01-13 01:10:59-WARNING-extract_diachronic_emb.py-42 > No examples found at 1968主旋律.txt
2023-01-13 01:11:03-WARNING-extract_diachronic_emb.py-42 > No examples found at 1971主旋律.txt
2023-01-13 01:11:04-WARNING-extract_diachronic_emb.py-42 > No examples found at 1973主旋律.txt
2023-01-13 02:21:23-INFO-setup.py-21 > 
	Home Address: /content/drive/MyDrive
	Temp Address: /content/tmp
2023-01-13 02:21:39-INFO-utils.py-20 > loading models from /content/tmp/chinese-roberta-wwm-ext
2023-01-13 02:21:44-INFO-extract_diachronic_emb.py-64 > temporarily saving embeddings at /content/tmp/主旋律/1960
2023-01-13 02:21:44-INFO-extract_diachronic_emb.py-64 > temporarily saving embeddings at /content/tmp/主旋律/1961
2023-01-13 02:21:45-INFO-extract_diachronic_emb.py-64 > temporarily saving embeddings at /content/tmp/主旋律/1969
2023-01-13 02:21:49-INFO-extract_diachronic_emb.py-64 > temporarily saving embeddings at /content/tmp/主旋律/1970
2023-01-13 02:21:49-INFO-extract_diachronic_emb.py-64 > temporarily saving embeddings at /content/tmp/主旋律/1972
2023-01-13 02:21:50-INFO-extract_diachronic_emb.py-64 > temporarily saving embeddings at /content/tmp/主旋律/1974
2023-01-13 02:21:51-INFO-extract_diachronic_emb.py-64 > temporarily saving embeddings at /content/tmp/主旋律/1975
2023-01-13 02:21:52-INFO-extract_diachronic_emb.py-64 > temporarily saving embeddings at /content/tmp/主旋律/1976
2023-01-13 02:21:52-INFO-extract_diachronic_emb.py-64 > temporarily saving embeddings at /content/tmp/主旋律/1977
2023-01-13 02:21:53-INFO-extract_diachronic_emb.py-64 > temporarily saving embeddings at /content/tmp/主旋律/1978
2023-01-13 02:21:54-INFO-extract_diachronic_emb.py-64 > temporarily saving embeddings at /content/tmp/主旋律/1979
2023-01-13 02:21:56-INFO-extract_diachronic_emb.py-64 > temporarily saving embeddings at /content/tmp/主旋律/1980
2023-01-13 02:21:58-INFO-extract_diachronic_emb.py-64 > temporarily saving embeddings at /content/tmp/主旋律/1981
2023-01-13 02:21:58-INFO-extract_diachronic_emb.py-64 > temporarily saving embeddings at /content/tmp/主旋律/1982
2023-01-13 02:22:00-INFO-extract_diachronic_emb.py-64 > temporarily saving embeddings at /content/tmp/主旋律/1983
2023-01-13 02:22:03-INFO-extract_diachronic_emb.py-64 > temporarily saving embeddings at /content/tmp/主旋律/1984
2023-01-13 02:22:07-INFO-extract_diachronic_emb.py-64 > temporarily saving embeddings at /content/tmp/主旋律/1985
2023-01-13 02:22:14-INFO-extract_diachronic_emb.py-64 > temporarily saving embeddings at /content/tmp/主旋律/1986
2023-01-13 02:22:34-INFO-extract_diachronic_emb.py-64 > temporarily saving embeddings at /content/tmp/主旋律/1987
2023-01-13 02:22:45-INFO-extract_diachronic_emb.py-64 > temporarily saving embeddings at /content/tmp/主旋律/1988
2023-01-13 02:23:25-INFO-extract_diachronic_emb.py-64 > temporarily saving embeddings at /content/tmp/主旋律/1989
2023-01-13 02:24:06-INFO-extract_diachronic_emb.py-64 > temporarily saving embeddings at /content/tmp/主旋律/1990
2023-01-13 02:25:00-INFO-extract_diachronic_emb.py-52 > temporarily saving embeddings at /content/tmp/主旋律/1991
2023-01-13 02:25:28-INFO-extract_diachronic_emb.py-64 > temporarily saving embeddings at /content/tmp/主旋律/1991_0
2023-01-13 02:26:07-INFO-extract_diachronic_emb.py-52 > temporarily saving embeddings at /content/tmp/主旋律/1992
2023-01-13 02:26:08-INFO-extract_diachronic_emb.py-64 > temporarily saving embeddings at /content/tmp/主旋律/1992_0
2023-01-13 02:26:56-INFO-extract_diachronic_emb.py-52 > temporarily saving embeddings at /content/tmp/主旋律/1993
2023-01-13 02:27:03-INFO-extract_diachronic_emb.py-64 > temporarily saving embeddings at /content/tmp/主旋律/1993_0
2023-01-13 02:27:51-INFO-extract_diachronic_emb.py-52 > temporarily saving embeddings at /content/tmp/主旋律/1994
2023-01-13 02:28:35-INFO-extract_diachronic_emb.py-52 > temporarily saving embeddings at /content/tmp/主旋律/1994_0
2023-01-13 02:29:12-INFO-extract_diachronic_emb.py-64 > temporarily saving embeddings at /content/tmp/主旋律/1994_1
2023-01-13 02:29:58-INFO-extract_diachronic_emb.py-52 > temporarily saving embeddings at /content/tmp/主旋律/1995
2023-01-13 02:30:44-INFO-extract_diachronic_emb.py-52 > temporarily saving embeddings at /content/tmp/主旋律/1995_0
2023-01-13 02:30:51-INFO-extract_diachronic_emb.py-64 > temporarily saving embeddings at /content/tmp/主旋律/1995_1
2023-01-13 02:31:37-INFO-extract_diachronic_emb.py-52 > temporarily saving embeddings at /content/tmp/主旋律/1996
2023-01-13 02:32:25-INFO-extract_diachronic_emb.py-52 > temporarily saving embeddings at /content/tmp/主旋律/1996_0
2023-01-13 02:32:48-INFO-extract_diachronic_emb.py-64 > temporarily saving embeddings at /content/tmp/主旋律/1996_1
2023-01-13 02:33:44-INFO-extract_diachronic_emb.py-52 > temporarily saving embeddings at /content/tmp/主旋律/1997
2023-01-13 02:39:26-INFO-utils.py-20 > loading models from /content/tmp/chinese-roberta-wwm-ext
2023-01-13 02:39:28-INFO-extract_diachronic_emb.py-64 > temporarily saving embeddings at /content/tmp/内伤/1955
2023-01-13 02:39:28-INFO-extract_diachronic_emb.py-64 > temporarily saving embeddings at /content/tmp/内伤/1956
2023-01-13 02:39:29-INFO-extract_diachronic_emb.py-64 > temporarily saving embeddings at /content/tmp/内伤/1957
2023-01-13 02:39:30-INFO-extract_diachronic_emb.py-64 > temporarily saving embeddings at /content/tmp/内伤/1958
2023-01-13 02:39:30-INFO-extract_diachronic_emb.py-64 > temporarily saving embeddings at /content/tmp/内伤/1959
2023-01-13 02:39:31-INFO-extract_diachronic_emb.py-64 > temporarily saving embeddings at /content/tmp/内伤/1960
2023-01-13 02:39:31-INFO-extract_diachronic_emb.py-64 > temporarily saving embeddings at /content/tmp/内伤/1961
2023-01-13 02:39:32-INFO-extract_diachronic_emb.py-64 > temporarily saving embeddings at /content/tmp/内伤/1962
2023-01-13 02:39:33-INFO-extract_diachronic_emb.py-64 > temporarily saving embeddings at /content/tmp/内伤/1965
2023-01-13 02:39:34-INFO-extract_diachronic_emb.py-64 > temporarily saving embeddings at /content/tmp/内伤/1966
2023-01-13 02:39:35-INFO-extract_diachronic_emb.py-64 > temporarily saving embeddings at /content/tmp/内伤/1967
2023-01-13 02:39:35-INFO-extract_diachronic_emb.py-64 > temporarily saving embeddings at /content/tmp/内伤/1969
2023-01-13 02:39:36-INFO-extract_diachronic_emb.py-64 > temporarily saving embeddings at /content/tmp/内伤/1971
2023-01-13 02:39:36-INFO-extract_diachronic_emb.py-64 > temporarily saving embeddings at /content/tmp/内伤/1974
2023-01-13 02:39:36-INFO-extract_diachronic_emb.py-64 > temporarily saving embeddings at /content/tmp/内伤/1975
2023-01-13 02:39:37-INFO-extract_diachronic_emb.py-64 > temporarily saving embeddings at /content/tmp/内伤/1976
2023-01-13 02:39:39-INFO-extract_diachronic_emb.py-64 > temporarily saving embeddings at /content/tmp/内伤/1977
2023-01-13 02:40:08-INFO-extract_diachronic_emb.py-64 > temporarily saving embeddings at /content/tmp/内伤/1978
2023-01-13 02:40:23-INFO-extract_diachronic_emb.py-64 > temporarily saving embeddings at /content/tmp/内伤/1979
2023-01-13 02:40:30-INFO-extract_diachronic_emb.py-64 > temporarily saving embeddings at /content/tmp/内伤/1980
2023-01-13 02:40:33-INFO-extract_diachronic_emb.py-64 > temporarily saving embeddings at /content/tmp/内伤/1981
2023-01-13 02:40:34-INFO-extract_diachronic_emb.py-64 > temporarily saving embeddings at /content/tmp/内伤/1982
2023-01-13 02:40:36-INFO-extract_diachronic_emb.py-64 > temporarily saving embeddings at /content/tmp/内伤/1983
2023-01-13 02:40:36-INFO-extract_diachronic_emb.py-64 > temporarily saving embeddings at /content/tmp/内伤/1984
2023-01-13 02:40:38-INFO-extract_diachronic_emb.py-64 > temporarily saving embeddings at /content/tmp/内伤/1985
2023-01-13 02:40:39-INFO-extract_diachronic_emb.py-64 > temporarily saving embeddings at /content/tmp/内伤/1986
2023-01-13 02:40:40-INFO-extract_diachronic_emb.py-64 > temporarily saving embeddings at /content/tmp/内伤/1987
2023-01-13 02:40:40-INFO-extract_diachronic_emb.py-64 > temporarily saving embeddings at /content/tmp/内伤/1988
2023-01-13 02:40:42-INFO-extract_diachronic_emb.py-64 > temporarily saving embeddings at /content/tmp/内伤/1989
2023-01-13 02:40:42-INFO-extract_diachronic_emb.py-64 > temporarily saving embeddings at /content/tmp/内伤/1990
2023-01-13 02:40:43-INFO-extract_diachronic_emb.py-64 > temporarily saving embeddings at /content/tmp/内伤/1991
2023-01-13 02:40:43-INFO-extract_diachronic_emb.py-64 > temporarily saving embeddings at /content/tmp/内伤/1992
2023-01-13 02:40:44-INFO-extract_diachronic_emb.py-64 > temporarily saving embeddings at /content/tmp/内伤/1993
2023-01-13 02:40:44-INFO-extract_diachronic_emb.py-64 > temporarily saving embeddings at /content/tmp/内伤/1994
2023-01-13 02:40:45-INFO-extract_diachronic_emb.py-64 > temporarily saving embeddings at /content/tmp/内伤/1995
2023-01-13 02:40:47-INFO-extract_diachronic_emb.py-64 > temporarily saving embeddings at /content/tmp/内伤/1996
2023-01-13 02:40:48-INFO-extract_diachronic_emb.py-64 > temporarily saving embeddings at /content/tmp/内伤/1997
2023-01-13 02:40:49-INFO-extract_diachronic_emb.py-64 > temporarily saving embeddings at /content/tmp/内伤/1998
2023-01-13 02:40:50-INFO-extract_diachronic_emb.py-64 > temporarily saving embeddings at /content/tmp/内伤/1999
2023-01-13 02:40:50-INFO-extract_diachronic_emb.py-64 > temporarily saving embeddings at /content/tmp/内伤/2000
2023-01-13 02:40:51-INFO-extract_diachronic_emb.py-64 > temporarily saving embeddings at /content/tmp/内伤/2001
2023-01-13 02:40:52-INFO-extract_diachronic_emb.py-64 > temporarily saving embeddings at /content/tmp/内伤/2002
2023-01-13 02:40:53-INFO-extract_diachronic_emb.py-64 > temporarily saving embeddings at /content/tmp/内伤/2003
2023-01-13 02:40:53-INFO-extract_diachronic_emb.py-70 > zipping /content/tmp/内伤 to /content/drive/MyDrive/Jing/dvectors/内伤.zip
2023-01-13 02:40:54-INFO-extract_diachronic_emb.py-73 > deleting /content/tmp/内伤
2023-01-13 02:40:54-INFO-extract_diachronic_emb.py-64 > temporarily saving embeddings at /content/tmp/出台/1954
2023-01-13 02:40:55-INFO-extract_diachronic_emb.py-64 > temporarily saving embeddings at /content/tmp/出台/1955
2023-01-13 02:40:56-INFO-extract_diachronic_emb.py-64 > temporarily saving embeddings at /content/tmp/出台/1956
2023-01-13 02:40:57-INFO-extract_diachronic_emb.py-64 > temporarily saving embeddings at /content/tmp/出台/1957
2023-01-13 02:40:58-INFO-extract_diachronic_emb.py-64 > temporarily saving embeddings at /content/tmp/出台/1958
2023-01-13 02:41:00-INFO-extract_diachronic_emb.py-64 > temporarily saving embeddings at /content/tmp/出台/1959
2023-01-13 02:41:00-INFO-extract_diachronic_emb.py-64 > temporarily saving embeddings at /content/tmp/出台/1960
2023-01-13 02:41:02-INFO-extract_diachronic_emb.py-64 > temporarily saving embeddings at /content/tmp/出台/1961
2023-01-13 02:41:02-INFO-extract_diachronic_emb.py-64 > temporarily saving embeddings at /content/tmp/出台/1962
2023-01-13 02:41:04-INFO-extract_diachronic_emb.py-64 > temporarily saving embeddings at /content/tmp/出台/1963
2023-01-13 02:41:05-INFO-extract_diachronic_emb.py-64 > temporarily saving embeddings at /content/tmp/出台/1964
2023-01-13 02:41:06-INFO-extract_diachronic_emb.py-64 > temporarily saving embeddings at /content/tmp/出台/1965
2023-01-13 02:41:06-INFO-extract_diachronic_emb.py-64 > temporarily saving embeddings at /content/tmp/出台/1966
2023-01-13 02:41:07-INFO-extract_diachronic_emb.py-64 > temporarily saving embeddings at /content/tmp/出台/1967
2023-01-13 02:41:07-INFO-extract_diachronic_emb.py-64 > temporarily saving embeddings at /content/tmp/出台/1968
2023-01-13 02:41:08-INFO-extract_diachronic_emb.py-64 > temporarily saving embeddings at /content/tmp/出台/1970
2023-01-13 02:41:08-INFO-extract_diachronic_emb.py-64 > temporarily saving embeddings at /content/tmp/出台/1972
2023-01-13 02:41:09-INFO-extract_diachronic_emb.py-64 > temporarily saving embeddings at /content/tmp/出台/1974
2023-01-13 02:41:10-INFO-extract_diachronic_emb.py-64 > temporarily saving embeddings at /content/tmp/出台/1977
2023-01-13 02:41:10-INFO-extract_diachronic_emb.py-64 > temporarily saving embeddings at /content/tmp/出台/1979
2023-01-13 02:41:11-INFO-extract_diachronic_emb.py-64 > temporarily saving embeddings at /content/tmp/出台/1980
2023-01-13 02:41:12-INFO-extract_diachronic_emb.py-64 > temporarily saving embeddings at /content/tmp/出台/1981
2023-01-13 02:41:12-INFO-extract_diachronic_emb.py-64 > temporarily saving embeddings at /content/tmp/出台/1982
2023-01-13 02:41:13-INFO-extract_diachronic_emb.py-64 > temporarily saving embeddings at /content/tmp/出台/1983
2023-01-13 02:41:14-INFO-extract_diachronic_emb.py-64 > temporarily saving embeddings at /content/tmp/出台/1984
2023-01-13 02:41:20-INFO-extract_diachronic_emb.py-64 > temporarily saving embeddings at /content/tmp/出台/1985
2023-01-13 02:41:36-INFO-extract_diachronic_emb.py-64 > temporarily saving embeddings at /content/tmp/出台/1986
2023-01-13 02:42:08-INFO-extract_diachronic_emb.py-64 > temporarily saving embeddings at /content/tmp/出台/1987
2023-01-13 02:42:44-INFO-extract_diachronic_emb.py-52 > temporarily saving embeddings at /content/tmp/出台/1988
2023-01-13 02:43:26-INFO-extract_diachronic_emb.py-64 > temporarily saving embeddings at /content/tmp/出台/1988_0
2023-01-13 02:44:04-INFO-extract_diachronic_emb.py-52 > temporarily saving embeddings at /content/tmp/出台/1989
2023-01-13 02:44:13-INFO-extract_diachronic_emb.py-64 > temporarily saving embeddings at /content/tmp/出台/1989_0
2023-01-13 02:44:50-INFO-extract_diachronic_emb.py-52 > temporarily saving embeddings at /content/tmp/出台/1990
2023-01-13 02:45:01-INFO-extract_diachronic_emb.py-64 > temporarily saving embeddings at /content/tmp/出台/1990_0
2023-01-13 02:45:38-INFO-extract_diachronic_emb.py-52 > temporarily saving embeddings at /content/tmp/出台/1991
2023-01-13 02:46:00-INFO-extract_diachronic_emb.py-64 > temporarily saving embeddings at /content/tmp/出台/1991_0
2023-01-13 02:46:41-INFO-extract_diachronic_emb.py-52 > temporarily saving embeddings at /content/tmp/出台/1992
2023-01-13 02:47:19-INFO-extract_diachronic_emb.py-52 > temporarily saving embeddings at /content/tmp/出台/1992_0
2023-01-13 02:52:40-INFO-utils.py-20 > loading models from /content/tmp/chinese-roberta-wwm-ext
2023-01-13 02:52:43-INFO-extract_diachronic_emb.py-65 > temporarily saving embeddings at /content/tmp/内伤/1955
2023-01-13 02:52:43-INFO-extract_diachronic_emb.py-65 > temporarily saving embeddings at /content/tmp/内伤/1956
2023-01-13 02:52:45-INFO-extract_diachronic_emb.py-65 > temporarily saving embeddings at /content/tmp/内伤/1957
2023-01-13 02:52:55-INFO-utils.py-20 > loading models from /content/tmp/chinese-roberta-wwm-ext
2023-01-13 02:52:57-INFO-extract_diachronic_emb.py-65 > temporarily saving embeddings at /content/tmp/内伤/1955
2023-01-13 02:52:57-INFO-extract_diachronic_emb.py-65 > temporarily saving embeddings at /content/tmp/内伤/1956
2023-01-13 02:52:58-INFO-extract_diachronic_emb.py-65 > temporarily saving embeddings at /content/tmp/内伤/1957
2023-01-13 02:52:59-INFO-extract_diachronic_emb.py-65 > temporarily saving embeddings at /content/tmp/内伤/1958
2023-01-13 02:52:59-INFO-extract_diachronic_emb.py-65 > temporarily saving embeddings at /content/tmp/内伤/1959
2023-01-13 02:53:00-INFO-extract_diachronic_emb.py-65 > temporarily saving embeddings at /content/tmp/内伤/1960
2023-01-13 02:53:00-INFO-extract_diachronic_emb.py-65 > temporarily saving embeddings at /content/tmp/内伤/1961
2023-01-13 02:53:01-INFO-extract_diachronic_emb.py-65 > temporarily saving embeddings at /content/tmp/内伤/1962
2023-01-13 02:53:04-INFO-extract_diachronic_emb.py-65 > temporarily saving embeddings at /content/tmp/内伤/1965
2023-01-13 04:12:56-INFO-setup.py-21 > 
	Home Address: /content/drive/MyDrive
	Temp Address: /content/tmp
2023-01-13 04:13:08-INFO-utils.py-20 > loading models from /content/tmp/chinese-roberta-wwm-ext
2023-01-13 04:14:09-INFO-extract_sense_emb.py-41 > average word embedding save at /content/drive/MyDrive/Jing/svectors/软/1
2023-01-13 04:15:08-INFO-utils.py-20 > loading models from /content/tmp/chinese-roberta-wwm-ext
2023-01-13 04:25:28-INFO-extract_sense_emb.py-59 > loading models from /content/tmp/chinese-roberta-wwm-ext
2023-01-13 04:25:33-INFO-extract_sense_emb.py-46 > temporarily saving at /content/tmp/软/1
2023-01-13 04:25:34-INFO-extract_sense_emb.py-46 > temporarily saving at /content/tmp/软/2
2023-01-13 04:25:34-INFO-extract_sense_emb.py-46 > temporarily saving at /content/tmp/软/3
2023-01-13 04:25:35-INFO-extract_sense_emb.py-46 > temporarily saving at /content/tmp/软/4
2023-01-13 04:25:36-WARNING-extract_sense_emb.py-38 > 
No sentences found:
	target: 软
	sense:5. 能力弱，质量差： 功夫软；货色软

2023-01-13 04:25:36-INFO-extract_sense_emb.py-46 > temporarily saving at /content/tmp/软/6
2023-01-13 04:25:36-INFO-extract_sense_emb.py-46 > temporarily saving at /content/tmp/软/7
2023-01-13 04:25:38-INFO-extract_sense_emb.py-46 > temporarily saving at /content/tmp/软/8
2023-01-13 04:25:38-WARNING-extract_sense_emb.py-38 > 
No sentences found:
	target: 软
	sense:9. 姓

2023-01-13 04:25:40-INFO-extract_sense_emb.py-46 > temporarily saving at /content/tmp/病毒/1
2023-01-13 04:25:42-INFO-extract_sense_emb.py-46 > temporarily saving at /content/tmp/病毒/2
2023-01-13 04:25:42-INFO-extract_sense_emb.py-46 > temporarily saving at /content/tmp/出台/1
2023-01-13 04:25:42-WARNING-extract_sense_emb.py-38 > 
No sentences found:
	target: 出台
	sense:2. 比喻公开出面活动：出台干涉

2023-01-13 04:25:44-INFO-extract_sense_emb.py-46 > temporarily saving at /content/tmp/出台/3
2023-01-13 04:25:46-INFO-extract_sense_emb.py-46 > temporarily saving at /content/tmp/下海/1
2023-01-13 04:25:48-INFO-extract_sense_emb.py-46 > temporarily saving at /content/tmp/下海/2
2023-01-13 04:25:50-INFO-extract_sense_emb.py-46 > temporarily saving at /content/tmp/下海/3
2023-01-13 04:25:51-INFO-extract_sense_emb.py-46 > temporarily saving at /content/tmp/下海/4
2023-01-13 04:25:53-INFO-extract_sense_emb.py-46 > temporarily saving at /content/tmp/下海/5
2023-01-13 04:25:55-INFO-extract_sense_emb.py-46 > temporarily saving at /content/tmp/出血/1
2023-01-13 04:25:56-INFO-extract_sense_emb.py-46 > temporarily saving at /content/tmp/出血/2
2023-01-13 04:25:58-INFO-extract_sense_emb.py-46 > temporarily saving at /content/tmp/滑坡/1
2023-01-13 04:26:00-INFO-extract_sense_emb.py-46 > temporarily saving at /content/tmp/滑坡/2
2023-01-13 04:26:02-INFO-extract_sense_emb.py-46 > temporarily saving at /content/tmp/刹车/1
2023-01-13 04:26:03-INFO-extract_sense_emb.py-46 > temporarily saving at /content/tmp/刹车/2
2023-01-13 04:26:05-INFO-extract_sense_emb.py-46 > temporarily saving at /content/tmp/刹车/3
2023-01-13 04:26:06-INFO-extract_sense_emb.py-46 > temporarily saving at /content/tmp/联姻/1
2023-01-13 04:26:08-INFO-extract_sense_emb.py-46 > temporarily saving at /content/tmp/联姻/2
2023-01-13 04:26:09-INFO-extract_sense_emb.py-46 > temporarily saving at /content/tmp/宏观/1
2023-01-13 04:26:10-INFO-extract_sense_emb.py-46 > temporarily saving at /content/tmp/宏观/2
2023-01-13 04:26:10-INFO-extract_sense_emb.py-46 > temporarily saving at /content/tmp/反馈/1
2023-01-13 04:26:10-INFO-extract_sense_emb.py-46 > temporarily saving at /content/tmp/反馈/2
2023-01-13 04:26:12-INFO-extract_sense_emb.py-46 > temporarily saving at /content/tmp/反馈/3
2023-01-13 04:26:14-INFO-extract_sense_emb.py-46 > temporarily saving at /content/tmp/载体/1
2023-01-13 04:26:16-INFO-extract_sense_emb.py-46 > temporarily saving at /content/tmp/载体/2
2023-01-13 04:26:18-INFO-extract_sense_emb.py-46 > temporarily saving at /content/tmp/遥控/1
2023-01-13 04:26:19-INFO-extract_sense_emb.py-46 > temporarily saving at /content/tmp/遥控/2
2023-01-13 04:26:21-INFO-extract_sense_emb.py-46 > temporarily saving at /content/tmp/输血/1
2023-01-13 04:26:23-INFO-extract_sense_emb.py-46 > temporarily saving at /content/tmp/输血/2
2023-01-13 04:26:25-INFO-extract_sense_emb.py-46 > temporarily saving at /content/tmp/消化/1
2023-01-13 04:26:27-INFO-extract_sense_emb.py-46 > temporarily saving at /content/tmp/消化/2
2023-01-13 04:26:29-INFO-extract_sense_emb.py-46 > temporarily saving at /content/tmp/消化/3
2023-01-13 04:26:31-INFO-extract_sense_emb.py-46 > temporarily saving at /content/tmp/主旋律/1
2023-01-13 04:26:33-INFO-extract_sense_emb.py-46 > temporarily saving at /content/tmp/主旋律/2
2023-01-13 04:26:35-INFO-extract_sense_emb.py-46 > temporarily saving at /content/tmp/起步/1
2023-01-13 04:26:36-INFO-extract_sense_emb.py-46 > temporarily saving at /content/tmp/起步/2
2023-01-13 04:26:38-INFO-extract_sense_emb.py-46 > temporarily saving at /content/tmp/炒/1
2023-01-13 04:26:40-INFO-extract_sense_emb.py-46 > temporarily saving at /content/tmp/炒/2
2023-01-13 04:26:42-INFO-extract_sense_emb.py-46 > temporarily saving at /content/tmp/炒/3
2023-01-13 04:26:43-INFO-extract_sense_emb.py-46 > temporarily saving at /content/tmp/炒/4
2023-01-13 04:26:43-INFO-extract_sense_emb.py-49 > moving
2023-01-13 04:28:30-INFO-extract_sense_emb.py-60 > loading models from /content/tmp/chinese-roberta-wwm-ext
2023-01-13 04:28:32-INFO-extract_sense_emb.py-49 > moving
2023-01-13 04:31:34-INFO-extract_sense_emb.py-30 > loading data from /content/drive/MyDrive/Jing/evaluation-target-candidates.xlsx
2023-01-13 04:31:34-INFO-extract_sense_emb.py-53 > moving
2023-01-13 04:31:34-INFO-extract_sense_emb.py-53 > moving
2023-01-13 04:31:35-INFO-extract_sense_emb.py-53 > moving
2023-01-13 04:31:35-INFO-extract_sense_emb.py-53 > moving
2023-01-13 04:31:35-INFO-extract_sense_emb.py-53 > moving
2023-01-13 04:31:35-INFO-extract_sense_emb.py-53 > moving
2023-01-13 04:31:35-INFO-extract_sense_emb.py-53 > moving
2023-01-13 04:31:35-INFO-extract_sense_emb.py-53 > moving
2023-01-13 04:31:35-INFO-extract_sense_emb.py-53 > moving
2023-01-13 04:31:35-INFO-extract_sense_emb.py-53 > moving
2023-01-13 04:31:35-INFO-extract_sense_emb.py-53 > moving
2023-01-13 04:31:36-INFO-extract_sense_emb.py-53 > moving
2023-01-13 04:31:36-INFO-extract_sense_emb.py-53 > moving
2023-01-13 04:31:36-INFO-extract_sense_emb.py-53 > moving
2023-01-13 04:31:36-INFO-extract_sense_emb.py-53 > moving
2023-01-13 04:31:36-INFO-extract_sense_emb.py-53 > moving
2023-01-13 04:31:36-INFO-extract_sense_emb.py-53 > moving
2023-01-13 04:31:36-INFO-extract_sense_emb.py-53 > moving
2023-01-13 04:31:36-INFO-extract_sense_emb.py-53 > moving
2023-01-13 04:31:36-INFO-extract_sense_emb.py-53 > moving
2023-01-13 04:31:37-INFO-extract_sense_emb.py-53 > moving
2023-01-13 04:31:37-INFO-extract_sense_emb.py-53 > moving
2023-01-13 04:31:37-INFO-extract_sense_emb.py-53 > moving
2023-01-13 04:31:37-INFO-extract_sense_emb.py-53 > moving
2023-01-13 04:31:37-INFO-extract_sense_emb.py-53 > moving
2023-01-13 04:31:37-INFO-extract_sense_emb.py-53 > moving
2023-01-13 04:31:37-INFO-extract_sense_emb.py-53 > moving
2023-01-13 04:31:37-INFO-extract_sense_emb.py-53 > moving
2023-01-13 04:31:37-INFO-extract_sense_emb.py-53 > moving
2023-01-13 04:31:38-INFO-extract_sense_emb.py-53 > moving
2023-01-13 04:31:38-INFO-extract_sense_emb.py-53 > moving
2023-01-13 04:31:38-INFO-extract_sense_emb.py-53 > moving
2023-01-13 04:31:38-INFO-extract_sense_emb.py-53 > moving
2023-01-13 04:31:38-INFO-extract_sense_emb.py-53 > moving
2023-01-13 04:31:38-INFO-extract_sense_emb.py-53 > moving
2023-01-13 04:31:38-INFO-extract_sense_emb.py-53 > moving
2023-01-13 04:31:38-INFO-extract_sense_emb.py-53 > moving
2023-01-13 04:31:38-INFO-extract_sense_emb.py-53 > moving
2023-01-13 04:31:38-INFO-extract_sense_emb.py-53 > moving
2023-01-13 04:31:39-INFO-extract_sense_emb.py-53 > moving
2023-01-13 04:31:39-INFO-extract_sense_emb.py-53 > moving
2023-01-13 04:31:39-INFO-extract_sense_emb.py-53 > moving
2023-01-13 04:31:39-INFO-extract_sense_emb.py-53 > moving
2023-01-13 04:31:39-INFO-extract_sense_emb.py-53 > moving
2023-01-13 04:31:39-INFO-extract_sense_emb.py-53 > moving
2023-01-13 04:31:39-INFO-extract_sense_emb.py-53 > moving
2023-01-13 04:31:39-INFO-extract_sense_emb.py-53 > moving
2023-01-13 04:31:39-INFO-extract_sense_emb.py-53 > moving
2023-01-13 04:31:40-INFO-extract_sense_emb.py-53 > moving
2023-01-13 04:31:40-INFO-extract_sense_emb.py-53 > moving
2023-01-13 05:40:07-INFO-extract_sense_emb.py-29 > loading models from /content/tmp/chinese-roberta-wwm-ext
2023-01-13 05:40:09-INFO-extract_sense_emb.py-32 > loading data from /content/drive/MyDrive/Jing/evaluation-target-candidates.xlsx
2023-01-13 05:40:54-INFO-extract_sense_emb.py-29 > loading models from /content/tmp/chinese-roberta-wwm-ext
2023-01-13 05:40:56-INFO-extract_sense_emb.py-32 > loading data from /content/drive/MyDrive/Jing/evaluation-target-candidates.xlsx
2023-01-13 05:41:15-INFO-extract_sense_emb.py-29 > loading models from /content/tmp/chinese-roberta-wwm-ext
2023-01-13 05:41:16-INFO-extract_sense_emb.py-32 > loading data from /content/drive/MyDrive/Jing/evaluation-target-candidates.xlsx
2023-01-13 05:43:51-INFO-extract_sense_emb.py-31 > loading models from /content/tmp/chinese-roberta-wwm-ext
2023-01-13 05:43:53-INFO-extract_sense_emb.py-34 > loading data from /content/drive/MyDrive/Jing/evaluation-target-candidates.xlsx
2023-01-13 05:43:55-INFO-extract_sense_emb.py-54 > temporarily saving at /content/tmp/svecs/软/1
2023-01-13 05:43:56-INFO-extract_sense_emb.py-54 > temporarily saving at /content/tmp/svecs/软/2
2023-01-13 05:43:56-INFO-extract_sense_emb.py-54 > temporarily saving at /content/tmp/svecs/软/3
2023-01-13 05:43:57-INFO-extract_sense_emb.py-54 > temporarily saving at /content/tmp/svecs/软/4
2023-01-13 05:43:57-WARNING-extract_sense_emb.py-46 > 
No sentences found:
	target: 软
	sense:5. 能力弱，质量差： 功夫软；货色软

2023-01-13 05:43:58-INFO-extract_sense_emb.py-54 > temporarily saving at /content/tmp/svecs/软/6
2023-01-13 05:43:58-INFO-extract_sense_emb.py-54 > temporarily saving at /content/tmp/svecs/软/7
2023-01-13 05:44:00-INFO-extract_sense_emb.py-54 > temporarily saving at /content/tmp/svecs/软/8
2023-01-13 05:44:00-WARNING-extract_sense_emb.py-46 > 
No sentences found:
	target: 软
	sense:9. 姓

2023-01-13 05:44:02-INFO-extract_sense_emb.py-54 > temporarily saving at /content/tmp/svecs/病毒/1
2023-01-13 05:44:04-INFO-extract_sense_emb.py-54 > temporarily saving at /content/tmp/svecs/病毒/2
2023-01-13 05:44:05-INFO-extract_sense_emb.py-54 > temporarily saving at /content/tmp/svecs/出台/1
2023-01-13 05:44:05-WARNING-extract_sense_emb.py-46 > 
No sentences found:
	target: 出台
	sense:2. 比喻公开出面活动：出台干涉

2023-01-13 05:44:06-INFO-extract_sense_emb.py-54 > temporarily saving at /content/tmp/svecs/出台/3
2023-01-13 05:44:08-INFO-extract_sense_emb.py-54 > temporarily saving at /content/tmp/svecs/下海/1
2023-01-13 05:44:10-INFO-extract_sense_emb.py-54 > temporarily saving at /content/tmp/svecs/下海/2
2023-01-13 05:44:12-INFO-extract_sense_emb.py-54 > temporarily saving at /content/tmp/svecs/下海/3
2023-01-13 05:44:13-INFO-extract_sense_emb.py-54 > temporarily saving at /content/tmp/svecs/下海/4
2023-01-13 05:44:15-INFO-extract_sense_emb.py-54 > temporarily saving at /content/tmp/svecs/下海/5
2023-01-13 05:44:17-INFO-extract_sense_emb.py-54 > temporarily saving at /content/tmp/svecs/出血/1
2023-01-13 05:44:19-INFO-extract_sense_emb.py-54 > temporarily saving at /content/tmp/svecs/出血/2
2023-01-13 05:44:21-INFO-extract_sense_emb.py-54 > temporarily saving at /content/tmp/svecs/滑坡/1
2023-01-13 05:44:24-INFO-extract_sense_emb.py-54 > temporarily saving at /content/tmp/svecs/滑坡/2
2023-01-13 05:44:26-INFO-extract_sense_emb.py-54 > temporarily saving at /content/tmp/svecs/刹车/1
2023-01-13 05:44:28-INFO-extract_sense_emb.py-54 > temporarily saving at /content/tmp/svecs/刹车/2
2023-01-13 05:44:30-INFO-extract_sense_emb.py-54 > temporarily saving at /content/tmp/svecs/刹车/3
2023-01-13 05:44:31-INFO-extract_sense_emb.py-54 > temporarily saving at /content/tmp/svecs/联姻/1
2023-01-13 05:44:33-INFO-extract_sense_emb.py-54 > temporarily saving at /content/tmp/svecs/联姻/2
2023-01-13 05:44:34-INFO-extract_sense_emb.py-54 > temporarily saving at /content/tmp/svecs/宏观/1
2023-01-13 05:44:35-INFO-extract_sense_emb.py-54 > temporarily saving at /content/tmp/svecs/宏观/2
2023-01-13 05:44:35-INFO-extract_sense_emb.py-54 > temporarily saving at /content/tmp/svecs/反馈/1
2023-01-13 05:44:36-INFO-extract_sense_emb.py-54 > temporarily saving at /content/tmp/svecs/反馈/2
2023-01-13 05:44:38-INFO-extract_sense_emb.py-54 > temporarily saving at /content/tmp/svecs/反馈/3
2023-01-13 05:44:39-INFO-extract_sense_emb.py-54 > temporarily saving at /content/tmp/svecs/载体/1
2023-01-13 05:44:41-INFO-extract_sense_emb.py-54 > temporarily saving at /content/tmp/svecs/载体/2
2023-01-13 05:44:43-INFO-extract_sense_emb.py-54 > temporarily saving at /content/tmp/svecs/遥控/1
2023-01-13 05:44:45-INFO-extract_sense_emb.py-54 > temporarily saving at /content/tmp/svecs/遥控/2
2023-01-13 05:44:47-INFO-extract_sense_emb.py-54 > temporarily saving at /content/tmp/svecs/输血/1
2023-01-13 05:44:49-INFO-extract_sense_emb.py-54 > temporarily saving at /content/tmp/svecs/输血/2
2023-01-13 05:44:51-INFO-extract_sense_emb.py-54 > temporarily saving at /content/tmp/svecs/消化/1
2023-01-13 05:44:53-INFO-extract_sense_emb.py-54 > temporarily saving at /content/tmp/svecs/消化/2
2023-01-13 05:44:55-INFO-extract_sense_emb.py-54 > temporarily saving at /content/tmp/svecs/消化/3
2023-01-13 05:44:56-INFO-extract_sense_emb.py-54 > temporarily saving at /content/tmp/svecs/主旋律/1
2023-01-13 05:44:58-INFO-extract_sense_emb.py-54 > temporarily saving at /content/tmp/svecs/主旋律/2
2023-01-13 05:45:00-INFO-extract_sense_emb.py-54 > temporarily saving at /content/tmp/svecs/起步/1
2023-01-13 05:45:02-INFO-extract_sense_emb.py-54 > temporarily saving at /content/tmp/svecs/起步/2
2023-01-13 05:45:03-INFO-extract_sense_emb.py-54 > temporarily saving at /content/tmp/svecs/炒/1
2023-01-13 05:45:05-INFO-extract_sense_emb.py-54 > temporarily saving at /content/tmp/svecs/炒/2
2023-01-13 05:45:07-INFO-extract_sense_emb.py-54 > temporarily saving at /content/tmp/svecs/炒/3
2023-01-13 05:45:09-INFO-extract_sense_emb.py-54 > temporarily saving at /content/tmp/svecs/炒/4
2023-01-13 05:49:18-INFO-extract_sense_emb.py-56 > zipping
2023-01-13 05:49:46-INFO-extract_sense_emb.py-56 > zipping
2023-01-13 05:50:28-INFO-extract_sense_emb.py-56 > zipping
2023-01-13 05:50:28-INFO-extract_sense_emb.py-59 > moving
2023-01-13 05:54:37-INFO-extract_sense_emb.py-31 > loading models from /content/tmp/chinese-roberta-wwm-ext
2023-01-13 05:54:39-INFO-extract_sense_emb.py-34 > loading data from /content/drive/MyDrive/Jing/evaluation-target-candidates.xlsx
2023-01-13 05:54:41-INFO-extract_sense_emb.py-54 > temporarily saving at /content/tmp/svecs/软/1
2023-01-13 05:54:41-INFO-extract_sense_emb.py-54 > temporarily saving at /content/tmp/svecs/软/2
2023-01-13 05:54:42-INFO-extract_sense_emb.py-54 > temporarily saving at /content/tmp/svecs/软/3
2023-01-13 05:54:42-INFO-extract_sense_emb.py-54 > temporarily saving at /content/tmp/svecs/软/4
2023-01-13 05:54:42-WARNING-extract_sense_emb.py-46 > 
No sentences found:
	target: 软
	sense:5. 能力弱，质量差： 功夫软；货色软

2023-01-13 05:54:43-INFO-extract_sense_emb.py-54 > temporarily saving at /content/tmp/svecs/软/6
2023-01-13 05:54:43-INFO-extract_sense_emb.py-54 > temporarily saving at /content/tmp/svecs/软/7
2023-01-13 05:54:45-INFO-extract_sense_emb.py-54 > temporarily saving at /content/tmp/svecs/软/8
2023-01-13 05:54:45-WARNING-extract_sense_emb.py-46 > 
No sentences found:
	target: 软
	sense:9. 姓

2023-01-13 05:54:47-INFO-extract_sense_emb.py-54 > temporarily saving at /content/tmp/svecs/病毒/1
2023-01-13 05:54:49-INFO-extract_sense_emb.py-54 > temporarily saving at /content/tmp/svecs/病毒/2
2023-01-13 05:54:50-INFO-extract_sense_emb.py-54 > temporarily saving at /content/tmp/svecs/出台/1
2023-01-13 05:54:50-WARNING-extract_sense_emb.py-46 > 
No sentences found:
	target: 出台
	sense:2. 比喻公开出面活动：出台干涉

2023-01-13 05:54:51-INFO-extract_sense_emb.py-54 > temporarily saving at /content/tmp/svecs/出台/3
2023-01-13 05:54:53-INFO-extract_sense_emb.py-54 > temporarily saving at /content/tmp/svecs/下海/1
2023-01-13 05:54:55-INFO-extract_sense_emb.py-54 > temporarily saving at /content/tmp/svecs/下海/2
2023-01-13 05:54:57-INFO-extract_sense_emb.py-54 > temporarily saving at /content/tmp/svecs/下海/3
2023-01-13 05:54:58-INFO-extract_sense_emb.py-54 > temporarily saving at /content/tmp/svecs/下海/4
2023-01-13 05:55:00-INFO-extract_sense_emb.py-54 > temporarily saving at /content/tmp/svecs/下海/5
2023-01-13 05:55:02-INFO-extract_sense_emb.py-54 > temporarily saving at /content/tmp/svecs/出血/1
2023-01-13 05:55:03-INFO-extract_sense_emb.py-54 > temporarily saving at /content/tmp/svecs/出血/2
2023-01-13 05:55:06-INFO-extract_sense_emb.py-54 > temporarily saving at /content/tmp/svecs/滑坡/1
2023-01-13 05:55:07-INFO-extract_sense_emb.py-54 > temporarily saving at /content/tmp/svecs/滑坡/2
2023-01-13 05:55:09-INFO-extract_sense_emb.py-54 > temporarily saving at /content/tmp/svecs/刹车/1
2023-01-13 05:55:10-INFO-extract_sense_emb.py-54 > temporarily saving at /content/tmp/svecs/刹车/2
2023-01-13 05:55:12-INFO-extract_sense_emb.py-54 > temporarily saving at /content/tmp/svecs/刹车/3
2023-01-13 05:55:13-INFO-extract_sense_emb.py-54 > temporarily saving at /content/tmp/svecs/联姻/1
2023-01-13 05:55:15-INFO-extract_sense_emb.py-54 > temporarily saving at /content/tmp/svecs/联姻/2
2023-01-13 05:55:15-INFO-extract_sense_emb.py-54 > temporarily saving at /content/tmp/svecs/宏观/1
2023-01-13 05:55:17-INFO-extract_sense_emb.py-54 > temporarily saving at /content/tmp/svecs/宏观/2
2023-01-13 05:55:17-INFO-extract_sense_emb.py-54 > temporarily saving at /content/tmp/svecs/反馈/1
2023-01-13 05:55:17-INFO-extract_sense_emb.py-54 > temporarily saving at /content/tmp/svecs/反馈/2
2023-01-13 05:55:19-INFO-extract_sense_emb.py-54 > temporarily saving at /content/tmp/svecs/反馈/3
2023-01-13 05:55:21-INFO-extract_sense_emb.py-54 > temporarily saving at /content/tmp/svecs/载体/1
2023-01-13 05:55:23-INFO-extract_sense_emb.py-54 > temporarily saving at /content/tmp/svecs/载体/2
2023-01-13 05:55:24-INFO-extract_sense_emb.py-54 > temporarily saving at /content/tmp/svecs/遥控/1
2023-01-13 05:55:26-INFO-extract_sense_emb.py-54 > temporarily saving at /content/tmp/svecs/遥控/2
2023-01-13 05:55:27-INFO-extract_sense_emb.py-54 > temporarily saving at /content/tmp/svecs/输血/1
2023-01-13 05:55:29-INFO-extract_sense_emb.py-54 > temporarily saving at /content/tmp/svecs/输血/2
2023-01-13 05:55:31-INFO-extract_sense_emb.py-54 > temporarily saving at /content/tmp/svecs/消化/1
2023-01-13 05:55:33-INFO-extract_sense_emb.py-54 > temporarily saving at /content/tmp/svecs/消化/2
2023-01-13 05:55:35-INFO-extract_sense_emb.py-54 > temporarily saving at /content/tmp/svecs/消化/3
2023-01-13 05:55:37-INFO-extract_sense_emb.py-54 > temporarily saving at /content/tmp/svecs/主旋律/1
2023-01-13 05:55:38-INFO-extract_sense_emb.py-54 > temporarily saving at /content/tmp/svecs/主旋律/2
2023-01-13 05:55:40-INFO-extract_sense_emb.py-54 > temporarily saving at /content/tmp/svecs/起步/1
2023-01-13 05:55:42-INFO-extract_sense_emb.py-54 > temporarily saving at /content/tmp/svecs/起步/2
2023-01-13 05:55:43-INFO-extract_sense_emb.py-54 > temporarily saving at /content/tmp/svecs/炒/1
2023-01-13 05:55:45-INFO-extract_sense_emb.py-54 > temporarily saving at /content/tmp/svecs/炒/2
2023-01-13 05:55:47-INFO-extract_sense_emb.py-54 > temporarily saving at /content/tmp/svecs/炒/3
2023-01-13 05:55:49-INFO-extract_sense_emb.py-54 > temporarily saving at /content/tmp/svecs/炒/4
